#! /foss/tools/iverilog/bin/vvp
:ivl_version "14.0 (devel)" "(s20251012-216-g6b1878c1-dirty)";
:ivl_delay_selection "TYPICAL";
:vpi_time_precision - 9;
:vpi_module "/foss/tools/iverilog/lib/ivl/system.vpi";
:vpi_module "/foss/tools/iverilog/lib/ivl/vhdl_sys.vpi";
:vpi_module "/foss/tools/iverilog/lib/ivl/vhdl_textio.vpi";
:vpi_module "/foss/tools/iverilog/lib/ivl/v2005_math.vpi";
:vpi_module "/foss/tools/iverilog/lib/ivl/va_math.vpi";
:vpi_module "/foss/tools/iverilog/lib/ivl/v2009.vpi";
S_0x5d07bbde2230 .scope package, "$unit" "$unit" 2 1;
 .timescale 0 0;
S_0x5d07bbde23c0 .scope module, "tb_spi_slave" "tb_spi_slave" 3 19;
 .timescale -9 -9;
v0x5d07bbe18400_0 .var "addr", 7 0;
v0x5d07bbe184e0_0 .var "clk", 0 0;
v0x5d07bbe185b0_0 .net "data", 7 0, v0x5d07bbe166c0_0;  1 drivers
v0x5d07bbe186b0_0 .net "debug", 7 0, v0x5d07bbe17dd0_0;  1 drivers
v0x5d07bbe18780_0 .net "miso", 0 0, v0x5d07bbe16a90_0;  1 drivers
v0x5d07bbe18870_0 .var "miso_rx1", 7 0;
v0x5d07bbe18910_0 .var "miso_rx3", 7 0;
v0x5d07bbe189b0_0 .var "mosi", 0 0;
v0x5d07bbe18a80_0 .var "rst_n", 0 0;
v0x5d07bbe18b50_0 .var "sck", 0 0;
v0x5d07bbe18c20_0 .var "ssel", 0 0;
S_0x5d07bbde2550 .scope task, "spi_read_data" "spi_read_data" 3 70, 3 70 0, S_0x5d07bbde23c0;
 .timescale -9 -9;
v0x5d07bbd914e0_0 .var/i "i", 31 0;
v0x5d07bbe15b60_0 .var "rx", 7 0;
TD_tb_spi_slave.spi_read_data ;
    %pushi/vec4 7, 0, 32;
    %store/vec4 v0x5d07bbd914e0_0, 0, 32;
T_0.0 ; Top of for-loop
    %load/vec4 v0x5d07bbd914e0_0;
    %cmpi/s 0, 0, 32;
    %flag_inv 5; GE is !LT
	  %jmp/0xz T_0.1, 5;
    %delay 10, 0;
    %pushi/vec4 1, 0, 1;
    %store/vec4 v0x5d07bbe18b50_0, 0, 1;
    %load/vec4 v0x5d07bbe18780_0;
    %ix/getv/s 4, v0x5d07bbd914e0_0;
    %store/vec4 v0x5d07bbe15b60_0, 4, 1;
    %delay 10, 0;
    %pushi/vec4 0, 0, 1;
    %store/vec4 v0x5d07bbe18b50_0, 0, 1;
T_0.2 ; for-loop step statement
    %load/vec4 v0x5d07bbd914e0_0;
    %subi 1, 0, 32;
    %store/vec4 v0x5d07bbd914e0_0, 0, 32;
    %jmp T_0.0;
T_0.1 ; for-loop exit label
    %end;
S_0x5d07bbe15c40 .scope task, "spi_send_cmd" "spi_send_cmd" 3 42, 3 42 0, S_0x5d07bbde23c0;
 .timescale -9 -9;
v0x5d07bbe15df0_0 .var "cmd", 7 0;
v0x5d07bbe15ed0_0 .var/i "i", 31 0;
TD_tb_spi_slave.spi_send_cmd ;
    %pushi/vec4 7, 0, 32;
    %store/vec4 v0x5d07bbe15ed0_0, 0, 32;
T_1.3 ; Top of for-loop
    %load/vec4 v0x5d07bbe15ed0_0;
    %cmpi/s 0, 0, 32;
    %flag_inv 5; GE is !LT
	  %jmp/0xz T_1.4, 5;
    %load/vec4 v0x5d07bbe15df0_0;
    %load/vec4 v0x5d07bbe15ed0_0;
    %part/s 1;
    %store/vec4 v0x5d07bbe189b0_0, 0, 1;
    %delay 10, 0;
    %pushi/vec4 1, 0, 1;
    %store/vec4 v0x5d07bbe18b50_0, 0, 1;
    %delay 10, 0;
    %pushi/vec4 0, 0, 1;
    %store/vec4 v0x5d07bbe18b50_0, 0, 1;
T_1.5 ; for-loop step statement
    %load/vec4 v0x5d07bbe15ed0_0;
    %subi 1, 0, 32;
    %store/vec4 v0x5d07bbe15ed0_0, 0, 32;
    %jmp T_1.3;
T_1.4 ; for-loop exit label
    %end;
S_0x5d07bbe15fb0 .scope module, "spi_slave1" "spi_slave" 3 39, 4 18 0, S_0x5d07bbde23c0;
 .timescale 0 0;
    .port_info 0 /INPUT 1 "Clk";
    .port_info 1 /INPUT 1 "iRST_N";
    .port_info 2 /INPUT 1 "SCK";
    .port_info 3 /INPUT 1 "MOSI";
    .port_info 4 /INPUT 1 "SSEL";
    .port_info 5 /OUTPUT 1 "MISO";
    .port_info 6 /INPUT 8 "Add2_in";
    .port_info 7 /OUTPUT 8 "Data2_out";
    .port_info 8 /OUTPUT 8 "debug";
v0x5d07bbe16330_0 .net "Add2_in", 7 0, v0x5d07bbe18400_0;  1 drivers
v0x5d07bbe16430_0 .var "Add_SPI", 7 0;
v0x5d07bbe16510_0 .var "BitCnt", 3 0;
v0x5d07bbe16600_0 .net "Clk", 0 0, v0x5d07bbe184e0_0;  1 drivers
v0x5d07bbe166c0_0 .var "Data2_out", 7 0;
v0x5d07bbe167f0_0 .var "DataToSend", 7 0;
v0x5d07bbe168d0_0 .var "Data_fromSPI", 7 0;
v0x5d07bbe169b0_0 .var "Data_toSPI", 7 0;
v0x5d07bbe16a90_0 .var "MISO", 0 0;
v0x5d07bbe16b50_0 .net "MOSI", 0 0, v0x5d07bbe189b0_0;  1 drivers
v0x5d07bbe16c10_0 .var "MOSI_delay0", 0 0;
v0x5d07bbe16cd0_0 .var "MOSI_metastable", 0 0;
v0x5d07bbe16d90_0 .var "ReceivedByte", 7 0;
v0x5d07bbe16e70_0 .var "Register0", 7 0;
v0x5d07bbe16f50_0 .var "Register1", 7 0;
v0x5d07bbe17030_0 .var "Register2", 7 0;
v0x5d07bbe17110_0 .var "Register3", 7 0;
v0x5d07bbe171f0_0 .var "Register4", 7 0;
v0x5d07bbe172d0_0 .var "Register5", 7 0;
v0x5d07bbe173b0_0 .var "Register6", 7 0;
v0x5d07bbe17490_0 .var "Register7", 7 0;
v0x5d07bbe17570_0 .var "RnW", 0 0;
v0x5d07bbe17630_0 .net "SCK", 0 0, v0x5d07bbe18b50_0;  1 drivers
v0x5d07bbe176f0_0 .var "SCK_delay0", 0 0;
v0x5d07bbe177b0_0 .var "SCK_delay1", 0 0;
v0x5d07bbe17870_0 .var "SCK_metastable", 0 0;
v0x5d07bbe17930_0 .var "SPI_State", 2 0;
v0x5d07bbe17a10_0 .net "SSEL", 0 0, v0x5d07bbe18c20_0;  1 drivers
v0x5d07bbe17ad0_0 .var "SSEL_delay0", 0 0;
v0x5d07bbe17b90_0 .var "SSEL_delay1", 0 0;
v0x5d07bbe17c50_0 .var "SSEL_metastable", 0 0;
v0x5d07bbe17d10_0 .var "WrEn", 0 0;
v0x5d07bbe17dd0_0 .var "debug", 7 0;
v0x5d07bbe17eb0_0 .net "iRST_N", 0 0, v0x5d07bbe18a80_0;  1 drivers
E_0x5d07bbdcdc00/0 .event negedge, v0x5d07bbe17eb0_0;
E_0x5d07bbdcdc00/1 .event posedge, v0x5d07bbe16600_0;
E_0x5d07bbdcdc00 .event/or E_0x5d07bbdcdc00/0, E_0x5d07bbdcdc00/1;
S_0x5d07bbe18090 .scope task, "spi_write_data" "spi_write_data" 3 55, 3 55 0, S_0x5d07bbde23c0;
 .timescale -9 -9;
v0x5d07bbe18220_0 .var/i "i", 31 0;
v0x5d07bbe18320_0 .var "tx", 7 0;
TD_tb_spi_slave.spi_write_data ;
    %pushi/vec4 7, 0, 32;
    %store/vec4 v0x5d07bbe18220_0, 0, 32;
T_2.6 ; Top of for-loop
    %load/vec4 v0x5d07bbe18220_0;
    %cmpi/s 0, 0, 32;
    %flag_inv 5; GE is !LT
	  %jmp/0xz T_2.7, 5;
    %load/vec4 v0x5d07bbe18320_0;
    %load/vec4 v0x5d07bbe18220_0;
    %part/s 1;
    %store/vec4 v0x5d07bbe189b0_0, 0, 1;
    %delay 10, 0;
    %pushi/vec4 1, 0, 1;
    %store/vec4 v0x5d07bbe18b50_0, 0, 1;
    %delay 10, 0;
    %pushi/vec4 0, 0, 1;
    %store/vec4 v0x5d07bbe18b50_0, 0, 1;
T_2.8 ; for-loop step statement
    %load/vec4 v0x5d07bbe18220_0;
    %subi 1, 0, 32;
    %store/vec4 v0x5d07bbe18220_0, 0, 32;
    %jmp T_2.6;
T_2.7 ; for-loop exit label
    %end;
    .scope S_0x5d07bbe15fb0;
T_3 ;
    %wait E_0x5d07bbdcdc00;
    %load/vec4 v0x5d07bbe17eb0_0;
    %nor/r;
    %flag_set/vec4 8;
    %jmp/0xz  T_3.0, 8;
    %pushi/vec4 10, 0, 8;
    %assign/vec4 v0x5d07bbe16e70_0, 0;
    %pushi/vec4 11, 0, 8;
    %assign/vec4 v0x5d07bbe16f50_0, 0;
    %pushi/vec4 12, 0, 8;
    %assign/vec4 v0x5d07bbe17030_0, 0;
    %pushi/vec4 13, 0, 8;
    %assign/vec4 v0x5d07bbe17110_0, 0;
    %pushi/vec4 14, 0, 8;
    %assign/vec4 v0x5d07bbe171f0_0, 0;
    %pushi/vec4 16, 0, 8;
    %assign/vec4 v0x5d07bbe172d0_0, 0;
    %pushi/vec4 32, 0, 8;
    %assign/vec4 v0x5d07bbe173b0_0, 0;
    %pushi/vec4 48, 0, 8;
    %assign/vec4 v0x5d07bbe17490_0, 0;
    %pushi/vec4 0, 0, 8;
    %assign/vec4 v0x5d07bbe169b0_0, 0;
    %pushi/vec4 0, 0, 8;
    %assign/vec4 v0x5d07bbe166c0_0, 0;
    %pushi/vec4 0, 0, 1;
    %assign/vec4 v0x5d07bbe17870_0, 0;
    %pushi/vec4 0, 0, 1;
    %assign/vec4 v0x5d07bbe16cd0_0, 0;
    %pushi/vec4 0, 0, 1;
    %assign/vec4 v0x5d07bbe17c50_0, 0;
    %pushi/vec4 0, 0, 1;
    %assign/vec4 v0x5d07bbe176f0_0, 0;
    %pushi/vec4 0, 0, 1;
    %assign/vec4 v0x5d07bbe16c10_0, 0;
    %pushi/vec4 0, 0, 1;
    %assign/vec4 v0x5d07bbe17ad0_0, 0;
    %pushi/vec4 0, 0, 1;
    %assign/vec4 v0x5d07bbe177b0_0, 0;
    %pushi/vec4 0, 0, 1;
    %assign/vec4 v0x5d07bbe17b90_0, 0;
    %pushi/vec4 0, 0, 1;
    %assign/vec4 v0x5d07bbe17d10_0, 0;
    %pushi/vec4 0, 0, 1;
    %assign/vec4 v0x5d07bbe17570_0, 0;
    %pushi/vec4 0, 0, 4;
    %assign/vec4 v0x5d07bbe16510_0, 0;
    %pushi/vec4 0, 0, 8;
    %assign/vec4 v0x5d07bbe16d90_0, 0;
    %pushi/vec4 0, 0, 8;
    %assign/vec4 v0x5d07bbe168d0_0, 0;
    %pushi/vec4 0, 0, 8;
    %assign/vec4 v0x5d07bbe167f0_0, 0;
    %pushi/vec4 0, 0, 8;
    %assign/vec4 v0x5d07bbe16430_0, 0;
    %pushi/vec4 0, 0, 1;
    %assign/vec4 v0x5d07bbe16a90_0, 0;
    %pushi/vec4 0, 0, 8;
    %assign/vec4 v0x5d07bbe17dd0_0, 0;
    %pushi/vec4 0, 0, 3;
    %assign/vec4 v0x5d07bbe17930_0, 0;
    %jmp T_3.1;
T_3.0 ;
    %load/vec4 v0x5d07bbe17570_0;
    %flag_set/vec4 8;
    %jmp/0xz  T_3.2, 8;
    %load/vec4 v0x5d07bbe16430_0;
    %dup/vec4;
    %pushi/vec4 0, 0, 8;
    %cmp/u;
    %jmp/1 T_3.4, 6;
    %dup/vec4;
    %pushi/vec4 1, 0, 8;
    %cmp/u;
    %jmp/1 T_3.5, 6;
    %dup/vec4;
    %pushi/vec4 2, 0, 8;
    %cmp/u;
    %jmp/1 T_3.6, 6;
    %dup/vec4;
    %pushi/vec4 3, 0, 8;
    %cmp/u;
    %jmp/1 T_3.7, 6;
    %dup/vec4;
    %pushi/vec4 4, 0, 8;
    %cmp/u;
    %jmp/1 T_3.8, 6;
    %dup/vec4;
    %pushi/vec4 5, 0, 8;
    %cmp/u;
    %jmp/1 T_3.9, 6;
    %dup/vec4;
    %pushi/vec4 6, 0, 8;
    %cmp/u;
    %jmp/1 T_3.10, 6;
    %dup/vec4;
    %pushi/vec4 7, 0, 8;
    %cmp/u;
    %jmp/1 T_3.11, 6;
    %pushi/vec4 255, 0, 8;
    %assign/vec4 v0x5d07bbe169b0_0, 0;
    %jmp T_3.13;
T_3.4 ;
    %load/vec4 v0x5d07bbe16e70_0;
    %assign/vec4 v0x5d07bbe169b0_0, 0;
    %jmp T_3.13;
T_3.5 ;
    %load/vec4 v0x5d07bbe16f50_0;
    %assign/vec4 v0x5d07bbe169b0_0, 0;
    %jmp T_3.13;
T_3.6 ;
    %load/vec4 v0x5d07bbe17030_0;
    %assign/vec4 v0x5d07bbe169b0_0, 0;
    %jmp T_3.13;
T_3.7 ;
    %load/vec4 v0x5d07bbe17110_0;
    %assign/vec4 v0x5d07bbe169b0_0, 0;
    %jmp T_3.13;
T_3.8 ;
    %load/vec4 v0x5d07bbe171f0_0;
    %assign/vec4 v0x5d07bbe169b0_0, 0;
    %jmp T_3.13;
T_3.9 ;
    %load/vec4 v0x5d07bbe172d0_0;
    %assign/vec4 v0x5d07bbe169b0_0, 0;
    %jmp T_3.13;
T_3.10 ;
    %load/vec4 v0x5d07bbe173b0_0;
    %assign/vec4 v0x5d07bbe169b0_0, 0;
    %jmp T_3.13;
T_3.11 ;
    %load/vec4 v0x5d07bbe17490_0;
    %assign/vec4 v0x5d07bbe169b0_0, 0;
    %jmp T_3.13;
T_3.13 ;
    %pop/vec4 1;
    %jmp T_3.3;
T_3.2 ;
    %load/vec4 v0x5d07bbe17d10_0;
    %flag_set/vec4 8;
    %jmp/0xz  T_3.14, 8;
    %load/vec4 v0x5d07bbe16430_0;
    %dup/vec4;
    %pushi/vec4 0, 0, 8;
    %cmp/u;
    %jmp/1 T_3.16, 6;
    %dup/vec4;
    %pushi/vec4 1, 0, 8;
    %cmp/u;
    %jmp/1 T_3.17, 6;
    %dup/vec4;
    %pushi/vec4 2, 0, 8;
    %cmp/u;
    %jmp/1 T_3.18, 6;
    %dup/vec4;
    %pushi/vec4 3, 0, 8;
    %cmp/u;
    %jmp/1 T_3.19, 6;
    %dup/vec4;
    %pushi/vec4 4, 0, 8;
    %cmp/u;
    %jmp/1 T_3.20, 6;
    %dup/vec4;
    %pushi/vec4 5, 0, 8;
    %cmp/u;
    %jmp/1 T_3.21, 6;
    %dup/vec4;
    %pushi/vec4 6, 0, 8;
    %cmp/u;
    %jmp/1 T_3.22, 6;
    %dup/vec4;
    %pushi/vec4 7, 0, 8;
    %cmp/u;
    %jmp/1 T_3.23, 6;
    %jmp T_3.24;
T_3.16 ;
    %load/vec4 v0x5d07bbe168d0_0;
    %assign/vec4 v0x5d07bbe16e70_0, 0;
    %jmp T_3.24;
T_3.17 ;
    %load/vec4 v0x5d07bbe168d0_0;
    %assign/vec4 v0x5d07bbe16f50_0, 0;
    %jmp T_3.24;
T_3.18 ;
    %load/vec4 v0x5d07bbe168d0_0;
    %assign/vec4 v0x5d07bbe17030_0, 0;
    %jmp T_3.24;
T_3.19 ;
    %load/vec4 v0x5d07bbe168d0_0;
    %assign/vec4 v0x5d07bbe17110_0, 0;
    %jmp T_3.24;
T_3.20 ;
    %load/vec4 v0x5d07bbe168d0_0;
    %assign/vec4 v0x5d07bbe171f0_0, 0;
    %jmp T_3.24;
T_3.21 ;
    %load/vec4 v0x5d07bbe168d0_0;
    %assign/vec4 v0x5d07bbe172d0_0, 0;
    %jmp T_3.24;
T_3.22 ;
    %load/vec4 v0x5d07bbe168d0_0;
    %assign/vec4 v0x5d07bbe173b0_0, 0;
    %jmp T_3.24;
T_3.23 ;
    %load/vec4 v0x5d07bbe168d0_0;
    %assign/vec4 v0x5d07bbe17490_0, 0;
    %jmp T_3.24;
T_3.24 ;
    %pop/vec4 1;
T_3.14 ;
T_3.3 ;
    %load/vec4 v0x5d07bbe16330_0;
    %dup/vec4;
    %pushi/vec4 0, 0, 8;
    %cmp/u;
    %jmp/1 T_3.25, 6;
    %dup/vec4;
    %pushi/vec4 1, 0, 8;
    %cmp/u;
    %jmp/1 T_3.26, 6;
    %dup/vec4;
    %pushi/vec4 2, 0, 8;
    %cmp/u;
    %jmp/1 T_3.27, 6;
    %dup/vec4;
    %pushi/vec4 3, 0, 8;
    %cmp/u;
    %jmp/1 T_3.28, 6;
    %dup/vec4;
    %pushi/vec4 4, 0, 8;
    %cmp/u;
    %jmp/1 T_3.29, 6;
    %dup/vec4;
    %pushi/vec4 5, 0, 8;
    %cmp/u;
    %jmp/1 T_3.30, 6;
    %dup/vec4;
    %pushi/vec4 6, 0, 8;
    %cmp/u;
    %jmp/1 T_3.31, 6;
    %dup/vec4;
    %pushi/vec4 7, 0, 8;
    %cmp/u;
    %jmp/1 T_3.32, 6;
    %pushi/vec4 255, 0, 8;
    %assign/vec4 v0x5d07bbe166c0_0, 0;
    %jmp T_3.34;
T_3.25 ;
    %load/vec4 v0x5d07bbe16e70_0;
    %assign/vec4 v0x5d07bbe166c0_0, 0;
    %jmp T_3.34;
T_3.26 ;
    %load/vec4 v0x5d07bbe16f50_0;
    %assign/vec4 v0x5d07bbe166c0_0, 0;
    %jmp T_3.34;
T_3.27 ;
    %load/vec4 v0x5d07bbe17030_0;
    %assign/vec4 v0x5d07bbe166c0_0, 0;
    %jmp T_3.34;
T_3.28 ;
    %load/vec4 v0x5d07bbe17110_0;
    %assign/vec4 v0x5d07bbe166c0_0, 0;
    %jmp T_3.34;
T_3.29 ;
    %load/vec4 v0x5d07bbe171f0_0;
    %assign/vec4 v0x5d07bbe166c0_0, 0;
    %jmp T_3.34;
T_3.30 ;
    %load/vec4 v0x5d07bbe172d0_0;
    %assign/vec4 v0x5d07bbe166c0_0, 0;
    %jmp T_3.34;
T_3.31 ;
    %load/vec4 v0x5d07bbe173b0_0;
    %assign/vec4 v0x5d07bbe166c0_0, 0;
    %jmp T_3.34;
T_3.32 ;
    %load/vec4 v0x5d07bbe17490_0;
    %assign/vec4 v0x5d07bbe166c0_0, 0;
    %jmp T_3.34;
T_3.34 ;
    %pop/vec4 1;
    %load/vec4 v0x5d07bbe17630_0;
    %assign/vec4 v0x5d07bbe17870_0, 0;
    %load/vec4 v0x5d07bbe16b50_0;
    %assign/vec4 v0x5d07bbe16cd0_0, 0;
    %load/vec4 v0x5d07bbe17a10_0;
    %assign/vec4 v0x5d07bbe17c50_0, 0;
    %load/vec4 v0x5d07bbe17870_0;
    %assign/vec4 v0x5d07bbe176f0_0, 0;
    %load/vec4 v0x5d07bbe16cd0_0;
    %assign/vec4 v0x5d07bbe16c10_0, 0;
    %load/vec4 v0x5d07bbe17c50_0;
    %assign/vec4 v0x5d07bbe17ad0_0, 0;
    %load/vec4 v0x5d07bbe176f0_0;
    %assign/vec4 v0x5d07bbe177b0_0, 0;
    %load/vec4 v0x5d07bbe17ad0_0;
    %assign/vec4 v0x5d07bbe17b90_0, 0;
    %pushi/vec4 0, 0, 1;
    %assign/vec4 v0x5d07bbe17d10_0, 0;
    %load/vec4 v0x5d07bbe17930_0;
    %dup/vec4;
    %pushi/vec4 0, 0, 3;
    %cmp/u;
    %jmp/1 T_3.35, 6;
    %dup/vec4;
    %pushi/vec4 1, 0, 3;
    %cmp/u;
    %jmp/1 T_3.36, 6;
    %dup/vec4;
    %pushi/vec4 2, 0, 3;
    %cmp/u;
    %jmp/1 T_3.37, 6;
    %dup/vec4;
    %pushi/vec4 3, 0, 3;
    %cmp/u;
    %jmp/1 T_3.38, 6;
    %dup/vec4;
    %pushi/vec4 4, 0, 3;
    %cmp/u;
    %jmp/1 T_3.39, 6;
    %jmp T_3.40;
T_3.35 ;
    %pushi/vec4 0, 0, 4;
    %assign/vec4 v0x5d07bbe16510_0, 0;
    %load/vec4 v0x5d07bbe17dd0_0;
    %pushi/vec4 1, 0, 8;
    %or;
    %assign/vec4 v0x5d07bbe17dd0_0, 0;
    %load/vec4 v0x5d07bbe17ad0_0;
    %pad/u 32;
    %cmpi/e 0, 0, 32;
    %flag_get/vec4 4;
    %jmp/0 T_3.43, 4;
    %load/vec4 v0x5d07bbe17b90_0;
    %pad/u 32;
    %pushi/vec4 1, 0, 32;
    %cmp/e;
    %flag_get/vec4 4;
    %and;
T_3.43;
    %flag_set/vec4 8;
    %jmp/0xz  T_3.41, 8;
    %pushi/vec4 1, 0, 3;
    %assign/vec4 v0x5d07bbe17930_0, 0;
T_3.41 ;
    %jmp T_3.40;
T_3.36 ;
    %load/vec4 v0x5d07bbe17dd0_0;
    %pushi/vec4 2, 0, 8;
    %or;
    %assign/vec4 v0x5d07bbe17dd0_0, 0;
    %load/vec4 v0x5d07bbe176f0_0;
    %pad/u 32;
    %cmpi/e 1, 0, 32;
    %flag_get/vec4 4;
    %jmp/0 T_3.46, 4;
    %load/vec4 v0x5d07bbe177b0_0;
    %pad/u 32;
    %pushi/vec4 0, 0, 32;
    %cmp/e;
    %flag_get/vec4 4;
    %and;
T_3.46;
    %flag_set/vec4 8;
    %jmp/0xz  T_3.44, 8;
    %load/vec4 v0x5d07bbe16d90_0;
    %parti/s 7, 0, 2;
    %load/vec4 v0x5d07bbe16c10_0;
    %concat/vec4; draw_concat_vec4
    %assign/vec4 v0x5d07bbe16d90_0, 0;
    %load/vec4 v0x5d07bbe16510_0;
    %addi 1, 0, 4;
    %assign/vec4 v0x5d07bbe16510_0, 0;
T_3.44 ;
    %load/vec4 v0x5d07bbe16510_0;
    %cmpi/e 8, 0, 4;
    %jmp/0xz  T_3.47, 4;
    %pushi/vec4 0, 0, 4;
    %assign/vec4 v0x5d07bbe16510_0, 0;
    %pushi/vec4 0, 0, 1;
    %load/vec4 v0x5d07bbe16d90_0;
    %parti/s 7, 0, 2;
    %concat/vec4; draw_concat_vec4
    %assign/vec4 v0x5d07bbe16430_0, 0;
    %load/vec4 v0x5d07bbe16d90_0;
    %parti/s 1, 7, 4;
    %assign/vec4 v0x5d07bbe17570_0, 0;
    %load/vec4 v0x5d07bbe16d90_0;
    %parti/s 1, 7, 4;
    %pad/u 32;
    %cmpi/e 1, 0, 32;
    %jmp/0xz  T_3.49, 4;
    %pushi/vec4 3, 0, 3;
    %assign/vec4 v0x5d07bbe17930_0, 0;
    %jmp T_3.50;
T_3.49 ;
    %pushi/vec4 2, 0, 3;
    %assign/vec4 v0x5d07bbe17930_0, 0;
T_3.50 ;
T_3.47 ;
    %jmp T_3.40;
T_3.37 ;
    %load/vec4 v0x5d07bbe17dd0_0;
    %pushi/vec4 4, 0, 8;
    %or;
    %assign/vec4 v0x5d07bbe17dd0_0, 0;
    %load/vec4 v0x5d07bbe176f0_0;
    %pad/u 32;
    %cmpi/e 1, 0, 32;
    %flag_get/vec4 4;
    %jmp/0 T_3.53, 4;
    %load/vec4 v0x5d07bbe177b0_0;
    %pad/u 32;
    %pushi/vec4 0, 0, 32;
    %cmp/e;
    %flag_get/vec4 4;
    %and;
T_3.53;
    %flag_set/vec4 8;
    %jmp/0xz  T_3.51, 8;
    %load/vec4 v0x5d07bbe16d90_0;
    %parti/s 7, 0, 2;
    %load/vec4 v0x5d07bbe16c10_0;
    %concat/vec4; draw_concat_vec4
    %assign/vec4 v0x5d07bbe16d90_0, 0;
    %load/vec4 v0x5d07bbe16510_0;
    %addi 1, 0, 4;
    %assign/vec4 v0x5d07bbe16510_0, 0;
T_3.51 ;
    %load/vec4 v0x5d07bbe16510_0;
    %cmpi/e 8, 0, 4;
    %jmp/0xz  T_3.54, 4;
    %pushi/vec4 1, 0, 1;
    %assign/vec4 v0x5d07bbe17d10_0, 0;
    %load/vec4 v0x5d07bbe16d90_0;
    %assign/vec4 v0x5d07bbe168d0_0, 0;
    %pushi/vec4 4, 0, 3;
    %assign/vec4 v0x5d07bbe17930_0, 0;
T_3.54 ;
    %jmp T_3.40;
T_3.38 ;
    %load/vec4 v0x5d07bbe17dd0_0;
    %pushi/vec4 8, 0, 8;
    %or;
    %assign/vec4 v0x5d07bbe17dd0_0, 0;
    %load/vec4 v0x5d07bbe16510_0;
    %pad/u 32;
    %cmpi/e 0, 0, 32;
    %jmp/0xz  T_3.56, 4;
    %load/vec4 v0x5d07bbe176f0_0;
    %pad/u 32;
    %cmpi/e 0, 0, 32;
    %flag_get/vec4 4;
    %jmp/0 T_3.60, 4;
    %load/vec4 v0x5d07bbe177b0_0;
    %pad/u 32;
    %pushi/vec4 1, 0, 32;
    %cmp/e;
    %flag_get/vec4 4;
    %and;
T_3.60;
    %flag_set/vec4 8;
    %jmp/0xz  T_3.58, 8;
    %load/vec4 v0x5d07bbe169b0_0;
    %parti/s 1, 7, 4;
    %assign/vec4 v0x5d07bbe16a90_0, 0;
    %load/vec4 v0x5d07bbe169b0_0;
    %parti/s 7, 0, 2;
    %concati/vec4 0, 0, 1;
    %assign/vec4 v0x5d07bbe167f0_0, 0;
    %pushi/vec4 1, 0, 4;
    %assign/vec4 v0x5d07bbe16510_0, 0;
T_3.58 ;
    %jmp T_3.57;
T_3.56 ;
    %load/vec4 v0x5d07bbe176f0_0;
    %pad/u 32;
    %cmpi/e 0, 0, 32;
    %flag_get/vec4 4;
    %jmp/0 T_3.63, 4;
    %load/vec4 v0x5d07bbe177b0_0;
    %pad/u 32;
    %pushi/vec4 1, 0, 32;
    %cmp/e;
    %flag_get/vec4 4;
    %and;
T_3.63;
    %flag_set/vec4 8;
    %jmp/0xz  T_3.61, 8;
    %load/vec4 v0x5d07bbe167f0_0;
    %parti/s 1, 7, 4;
    %assign/vec4 v0x5d07bbe16a90_0, 0;
    %load/vec4 v0x5d07bbe167f0_0;
    %parti/s 7, 0, 2;
    %concati/vec4 0, 0, 1;
    %assign/vec4 v0x5d07bbe167f0_0, 0;
    %load/vec4 v0x5d07bbe16510_0;
    %addi 1, 0, 4;
    %assign/vec4 v0x5d07bbe16510_0, 0;
T_3.61 ;
T_3.57 ;
    %load/vec4 v0x5d07bbe16510_0;
    %cmpi/e 8, 0, 4;
    %jmp/0xz  T_3.64, 4;
    %load/vec4 v0x5d07bbe16d90_0;
    %assign/vec4 v0x5d07bbe168d0_0, 0;
    %pushi/vec4 4, 0, 3;
    %assign/vec4 v0x5d07bbe17930_0, 0;
T_3.64 ;
    %jmp T_3.40;
T_3.39 ;
    %load/vec4 v0x5d07bbe17dd0_0;
    %pushi/vec4 16, 0, 8;
    %or;
    %assign/vec4 v0x5d07bbe17dd0_0, 0;
    %load/vec4 v0x5d07bbe17ad0_0;
    %flag_set/vec4 8;
    %jmp/0xz  T_3.66, 8;
    %pushi/vec4 0, 0, 3;
    %assign/vec4 v0x5d07bbe17930_0, 0;
T_3.66 ;
    %jmp T_3.40;
T_3.40 ;
    %pop/vec4 1;
T_3.1 ;
    %jmp T_3;
    .thread T_3;
    .scope S_0x5d07bbde23c0;
T_4 ;
    %pushi/vec4 0, 0, 1;
    %store/vec4 v0x5d07bbe184e0_0, 0, 1;
T_4.0 ;
    %delay 1, 0;
    %load/vec4 v0x5d07bbe184e0_0;
    %inv;
    %store/vec4 v0x5d07bbe184e0_0, 0, 1;
    %jmp T_4.0;
T_4.1 ;
    %end;
    .thread T_4;
    .scope S_0x5d07bbde23c0;
T_5 ;
    %pushi/vec4 3, 0, 8;
    %store/vec4 v0x5d07bbe18400_0, 0, 8;
    %pushi/vec4 0, 0, 1;
    %store/vec4 v0x5d07bbe189b0_0, 0, 1;
    %pushi/vec4 0, 0, 1;
    %store/vec4 v0x5d07bbe18a80_0, 0, 1;
    %pushi/vec4 0, 0, 1;
    %store/vec4 v0x5d07bbe18b50_0, 0, 1;
    %pushi/vec4 1, 0, 1;
    %store/vec4 v0x5d07bbe18c20_0, 0, 1;
    %delay 10, 0;
    %pushi/vec4 1, 0, 1;
    %store/vec4 v0x5d07bbe18a80_0, 0, 1;
    %delay 10, 0;
    %pushi/vec4 0, 0, 1;
    %store/vec4 v0x5d07bbe18c20_0, 0, 1;
    %pushi/vec4 129, 0, 8;
    %store/vec4 v0x5d07bbe15df0_0, 0, 8;
    %fork TD_tb_spi_slave.spi_send_cmd, S_0x5d07bbe15c40;
    %join;
    %fork TD_tb_spi_slave.spi_read_data, S_0x5d07bbde2550;
    %join;
    %load/vec4 v0x5d07bbe15b60_0;
    %store/vec4 v0x5d07bbe18870_0, 0, 8;
    %delay 10, 0;
    %pushi/vec4 1, 0, 1;
    %store/vec4 v0x5d07bbe18c20_0, 0, 1;
    %delay 10, 0;
    %delay 10, 0;
    %pushi/vec4 0, 0, 1;
    %store/vec4 v0x5d07bbe18c20_0, 0, 1;
    %pushi/vec4 3, 0, 8;
    %store/vec4 v0x5d07bbe15df0_0, 0, 8;
    %fork TD_tb_spi_slave.spi_send_cmd, S_0x5d07bbe15c40;
    %join;
    %pushi/vec4 255, 0, 8;
    %store/vec4 v0x5d07bbe18320_0, 0, 8;
    %fork TD_tb_spi_slave.spi_write_data, S_0x5d07bbe18090;
    %join;
    %delay 10, 0;
    %pushi/vec4 1, 0, 1;
    %store/vec4 v0x5d07bbe18c20_0, 0, 1;
    %delay 10, 0;
    %delay 10, 0;
    %pushi/vec4 0, 0, 1;
    %store/vec4 v0x5d07bbe18c20_0, 0, 1;
    %pushi/vec4 131, 0, 8;
    %store/vec4 v0x5d07bbe15df0_0, 0, 8;
    %fork TD_tb_spi_slave.spi_send_cmd, S_0x5d07bbe15c40;
    %join;
    %fork TD_tb_spi_slave.spi_read_data, S_0x5d07bbde2550;
    %join;
    %load/vec4 v0x5d07bbe15b60_0;
    %store/vec4 v0x5d07bbe18910_0, 0, 8;
    %delay 10, 0;
    %pushi/vec4 1, 0, 1;
    %store/vec4 v0x5d07bbe18c20_0, 0, 1;
    %delay 10, 0;
    %end;
    .thread T_5;
    .scope S_0x5d07bbde23c0;
T_6 ;
    %delay 1100, 0;
    %load/vec4 v0x5d07bbe18870_0;
    %cmpi/ne 11, 0, 8;
    %jmp/0xz  T_6.0, 6;
    %vpi_call/w 3 118 "$display", "FAIL Tx1 READ Reg1  : expected miso=0x0B, got 0x%02X", v0x5d07bbe18870_0 {0 0 0};
T_6.0 ;
    %load/vec4 v0x5d07bbe185b0_0;
    %cmpi/ne 255, 0, 8;
    %jmp/0xz  T_6.2, 6;
    %vpi_call/w 3 120 "$display", "FAIL parallel Reg3  : expected data=0xFF, got 0x%02X", v0x5d07bbe185b0_0 {0 0 0};
T_6.2 ;
    %load/vec4 v0x5d07bbe18910_0;
    %cmpi/ne 255, 0, 8;
    %jmp/0xz  T_6.4, 6;
    %vpi_call/w 3 122 "$display", "FAIL Tx3 READ Reg3  : expected miso=0xFF, got 0x%02X", v0x5d07bbe18910_0 {0 0 0};
T_6.4 ;
    %load/vec4 v0x5d07bbe186b0_0;
    %cmpi/ne 31, 0, 8;
    %jmp/0xz  T_6.6, 6;
    %vpi_call/w 3 124 "$display", "FAIL debug          : expected 0x1F, got 0x%02X", v0x5d07bbe186b0_0 {0 0 0};
T_6.6 ;
    %load/vec4 v0x5d07bbe18870_0;
    %cmpi/e 11, 0, 8;
    %flag_get/vec4 6;
    %jmp/0 T_6.12, 6;
    %load/vec4 v0x5d07bbe185b0_0;
    %pushi/vec4 255, 0, 8;
    %cmp/e;
    %flag_get/vec4 6;
    %and;
T_6.12;
    %flag_set/vec4 10;
    %flag_get/vec4 10;
    %jmp/0 T_6.11, 10;
    %load/vec4 v0x5d07bbe18910_0;
    %pushi/vec4 255, 0, 8;
    %cmp/e;
    %flag_get/vec4 6;
    %and;
T_6.11;
    %flag_set/vec4 9;
    %flag_get/vec4 9;
    %jmp/0 T_6.10, 9;
    %load/vec4 v0x5d07bbe186b0_0;
    %pushi/vec4 31, 0, 8;
    %cmp/e;
    %flag_get/vec4 6;
    %and;
T_6.10;
    %flag_set/vec4 8;
    %jmp/0xz  T_6.8, 8;
    %vpi_call/w 3 126 "$display", "PASS %0t: miso_rx1=0x%02X data=0x%02X miso_rx3=0x%02X debug=0x%02X", $time, v0x5d07bbe18870_0, v0x5d07bbe185b0_0, v0x5d07bbe18910_0, v0x5d07bbe186b0_0 {0 0 0};
T_6.8 ;
    %end;
    .thread T_6;
    .scope S_0x5d07bbde23c0;
T_7 ;
    %delay 1200, 0;
    %vpi_call/w 3 131 "$finish" {0 0 0};
    %end;
    .thread T_7;
    .scope S_0x5d07bbde23c0;
T_8 ;
    %vpi_call/w 3 135 "$dumpfile", "tb_spi_slave.vcd" {0 0 0};
    %vpi_call/w 3 136 "$dumpvars", 32'sb00000000000000000000000000000000, S_0x5d07bbde23c0 {0 0 0};
    %end;
    .thread T_8;
# The file index is used to find the file name in the following table.
:file_names 5;
    "N/A";
    "<interactive>";
    "-";
    "tb_spi_slave.v";
    "./spi_slave.v";
